2026-01-17 21:55:19 [INFO] __main__: HandFree starting...
2026-01-17 21:55:19 [INFO] __main__: Platform detected: macos
2026-01-17 21:55:19 [DEBUG] __main__: Audio recorder initialized (sample_rate=16000)
2026-01-17 21:55:19 [DEBUG] __main__: Transcriber initialized
2026-01-17 21:55:19 [DEBUG] handfree.platform: Creating output handler for platform: macos
2026-01-17 21:55:19 [DEBUG] handfree.platform: Created MacOSOutputHandler
2026-01-17 21:55:19 [INFO] __main__: Output handler initialized: MacOSOutputHandler
2026-01-17 21:55:19 [INFO] __main__: UI initialized (position=top-center, history=True)
2026-01-17 21:55:19 [DEBUG] handfree.platform: Creating hotkey detector for platform: macos
2026-01-17 21:55:19 [DEBUG] handfree.platform: Created MacOSHotkeyDetector
2026-01-17 21:55:19 [INFO] __main__: Hotkey detector initialized: MacOSHotkeyDetector
2026-01-17 21:55:19 [INFO] __main__: HandFree running
2026-01-17 21:55:23 [INFO] __main__: HandFree starting...
2026-01-17 21:55:23 [INFO] __main__: Platform detected: macos
2026-01-17 21:55:23 [DEBUG] __main__: Audio recorder initialized (sample_rate=16000)
2026-01-17 21:55:23 [DEBUG] __main__: Transcriber initialized
2026-01-17 21:55:23 [DEBUG] handfree.platform: Creating output handler for platform: macos
2026-01-17 21:55:23 [DEBUG] handfree.platform: Created MacOSOutputHandler
2026-01-17 21:55:23 [INFO] __main__: Output handler initialized: MacOSOutputHandler
2026-01-17 21:55:23 [INFO] __main__: UI initialized (position=top-center, history=True)
2026-01-17 21:55:23 [DEBUG] handfree.platform: Creating hotkey detector for platform: macos
2026-01-17 21:55:23 [DEBUG] handfree.platform: Created MacOSHotkeyDetector
2026-01-17 21:55:23 [INFO] __main__: Hotkey detector initialized: MacOSHotkeyDetector
2026-01-17 21:55:23 [INFO] __main__: HandFree running
2026-01-17 21:55:40 [INFO] __main__: HandFree starting...
2026-01-17 21:55:40 [INFO] __main__: Platform detected: macos
2026-01-17 21:55:40 [DEBUG] __main__: Audio recorder initialized (sample_rate=16000)
2026-01-17 21:55:40 [DEBUG] __main__: Transcriber initialized
2026-01-17 21:55:40 [DEBUG] handfree.platform: Creating output handler for platform: macos
2026-01-17 21:55:40 [DEBUG] handfree.platform: Created MacOSOutputHandler
2026-01-17 21:55:40 [INFO] __main__: Output handler initialized: MacOSOutputHandler
2026-01-17 21:55:40 [INFO] __main__: UI initialized (position=top-center, history=True)
2026-01-17 21:55:40 [DEBUG] handfree.platform: Creating hotkey detector for platform: macos
2026-01-17 21:55:40 [DEBUG] handfree.platform: Created MacOSHotkeyDetector
2026-01-17 21:55:40 [INFO] __main__: Hotkey detector initialized: MacOSHotkeyDetector
2026-01-17 21:55:40 [INFO] __main__: HandFree running
